make.exe all --print-data-base --no-builtin-variables --no-builtin-rules --question
make: *** No rule to make target 'all'.  Stop.

# GNU Make 4.3
# Built for Windows32
# Copyright (C) 1988-2020 Free Software Foundation, Inc.
# License GPLv3+: GNU GPL version 3 or later <http://gnu.org/licenses/gpl.html>
# This is free software: you are free to change and redistribute it.
# There is NO WARRANTY, to the extent permitted by law.

# Make data base, printed on Sun May 15 22:44:45 2022

# Variables

# environment
SYSTEMDRIVE = C:
# environment
LC_ALL = C
# environment
USERPROFILE = C:\Users\GJD
# environment
LOCALAPPDATA = C:\Users\GJD\AppData\Local
# environment
VSCODE_IPC_HOOK_EXTHOST = \\.\pipe\vscode-ipc-089012f8-7f28-4eb9-8696-5974329ddb9b-sock
# environment
VSCODE_CWD = D:\tools\Microsoft VS Code
# environment
CHOCOLATEYINSTALL = D:\tools\choco
# environment
SYSTEMROOT = C:\WINDOWS
# environment
PROCESSOR_LEVEL = 6
# environment
PSMODULEPATH = C:\Program Files\WindowsPowerShell\Modules;C:\WINDOWS\system32\WindowsPowerShell\v1.0\Modules
# environment
GNUPLOT_LIB = D:\tools\gnuplot\demo;D:\tools\gnuplot\demo\games;D:\tools\gnuplot\share
# default
MAKE_COMMAND := D:/tools/choco/lib/make/tools/install/bin/make.exe
# automatic
@D = $(patsubst %/,%,$(patsubst %\,%,$(dir $@)))
# environment
CHROME_CRASHPAD_PIPE_NAME = \\.\pipe\crashpad_11560_ROREBWLSZVARBXCQ
# environment
VSCODE_HANDLES_UNCAUGHT_ERRORS = true
# default
.VARIABLES := 
# automatic
%D = $(patsubst %/,%,$(patsubst %\,%,$(dir $%)))
# environment
LINGO64_19_HOME = D:\tools\LINGO\
# automatic
^D = $(patsubst %/,%,$(patsubst %\,%,$(dir $^)))
# environment
VSCODE_LOG_STACK = false
# automatic
%F = $(notdir $%)
# environment
VSCODE_CODE_CACHE_PATH = C:\Users\GJD\AppData\Roaming\Code\CachedData\da15b6fd3ef856477bf6f4fb29ba1b7af717770d
# environment
LANG = C
# default
.LOADED := 
# environment
TMP = C:\Users\GJD\AppData\Local\Temp
# default
.INCLUDE_DIRS = .
# environment
PROCESSOR_ARCHITEW6432 = AMD64
# makefile
MAKEFLAGS = pqrR
# environment
ONEDRIVE = C:\Users\GJD\OneDrive
# makefile
CURDIR := d:/github/Intelligent-Algorithm
# environment
VSCODE_PIPE_LOGGING = true
# environment
APPLICATION_INSIGHTS_NO_DIAGNOSTIC_CHANNEL = 1
# automatic
*D = $(patsubst %/,%,$(patsubst %\,%,$(dir $*)))
# environment
PROGRAMFILES = C:\Program Files (x86)
# environment
MFLAGS = -pqrR
# default
.SHELLFLAGS := -c
# environment
COMMONPROGRAMW6432 = C:\Program Files\Common Files
# automatic
+D = $(patsubst %/,%,$(patsubst %\,%,$(dir $+)))
# makefile (from 'Makefile', line 1)
MAKEFILE_LIST := Makefile
# automatic
@F = $(notdir $@)
# environment
EMULATOR_SDK_ROOT = D:\Program Files\MobileAppEngine\EmulatorSdk
# environment
VSCODE_VERBOSE_LOGGING = true
# environment
VSCODE_PID = 11560
# automatic
?D = $(patsubst %/,%,$(patsubst %\,%,$(dir $?)))
# automatic
*F = $(notdir $*)
# automatic
<D = $(patsubst %/,%,$(patsubst %\,%,$(dir $<)))
# environment
VSCODE_NLS_CONFIG = {"locale":"zh-cn","availableLanguages":{"*":"zh-cn"},"_languagePackId":"42e84e0914b17800d483f69e299e1b00.zh-cn","_translationsConfigFile":"C:\\Users\\GJD\\AppData\\Roaming\\Code\\clp\\42e84e0914b17800d483f69e299e1b00.zh-cn\\tcf.json","_cacheRoot":"C:\\Users\\GJD\\AppData\\Roaming\\Code\\clp\\42e84e0914b17800d483f69e299e1b00.zh-cn","_resolvedLanguagePackCoreLocation":"C:\\Users\\GJD\\AppData\\Roaming\\Code\\clp\\42e84e0914b17800d483f69e299e1b00.zh-cn\\da15b6fd3ef856477bf6f4fb29ba1b7af717770d","_corruptedFile":"C:\\Users\\GJD\\AppData\\Roaming\\Code\\clp\\42e84e0914b17800d483f69e299e1b00.zh-cn\\corrupted.info","_languagePackSupport":true}
# environment
ONEDRIVECONSUMER = C:\Users\GJD\OneDrive
# default
MAKE_HOST := Windows32
# environment
PROGRAMDATA = C:\ProgramData
# default
SHELL := sh.exe
# environment
CLASSPATH = D:\tools\LINGO\Lingo19.jar
# environment
HOMEPATH = \Users\GJD
# default
MAKECMDGOALS := all
# environment
DRIVERDATA = C:\Windows\System32\Drivers\DriverData
# environment
COMSPEC = C:\WINDOWS\system32\cmd.exe
# environment
WINDIR = C:\WINDOWS
# environment
MAKELEVEL := 0
# default
MAKE = $(MAKE_COMMAND)
# environment
PATH = D:\tools\Anconda;D:\tools\Anconda\Library\mingw-w64\bin;D:\tools\Anconda\Library\usr\bin;D:\tools\Anconda\Library\bin;D:\tools\Anconda\Scripts;C:\Windows\system32;C:\Windows;C:\Windows\System32\Wbem;C:\Windows\System32\WindowsPowerShell\v1.0\;C:\Windows\System32\OpenSSH\;C:\Program Files (x86)\NVIDIA Corporation\PhysX\Common;C:\Program Files\NVIDIA Corporation\NVIDIA NvDLISR;D:\tools\Matlab\runtime\win64;D:\tools\Matlab\bin;C:\WINDOWS\system32;C:\WINDOWS;C:\WINDOWS\System32\Wbem;C:\WINDOWS\System32\WindowsPowerShell\v1.0\;C:\WINDOWS\System32\OpenSSH\;D:\tools\LINGO\;D:\tools\SumatraPDF;D:\tools\CodeBlocks\MinGW\bin;C:\ProgramData\chocolatey\bin;D:\tools\choco\bin;C:\Program Files\CMake\bin;D:\tools\R-4.1.3\bin;D:\tools\gnuplot\bin;D:\github\vcpkg-master\vcpkg-master\downloads\tools\cmake-3.22.2-windows\cmake-3.22.2-windows-i386\bin;C:\Users\GJD\.jdks\openjdk-18.0.1.1\bin;D:\tools\SCIPOptSuite 8.0.0\bin;C:\tools\lxrunoffline;D:\tools\Git\cmd;C:\Program Files\MySQL\MySQL Shell 8.0\bin\;C:\Users\GJD\AppData\Local\Microsoft\WindowsApps;D:\tools\MiKTeX\miktex\bin\x64\;D:\tools\Graphviz\bin;;D:\tools\Microsoft VS Code\bin
# environment
ZES_ENABLE_SYSMAN = 1
# environment
COMPUTERNAME = LAPTOP-G60G1IH4
# default
MAKEFILES := 
# automatic
^F = $(notdir $^)
# environment
PROMPT = $P$G
# environment
CHOCOLATEYLASTPATHUPDATE = 132968752966318512
# environment
LOGONSERVER = \\LAPTOP-G60G1IH4
# environment
VSCODE_LOG_NATIVE = false
# environment
USERNAME = GJD
# environment
EMULATOR_AVD_ROOT = D:\Program Files\MobileAppEngine\emui
# environment
COMMONPROGRAMFILES = C:\Program Files (x86)\Common Files
# automatic
?F = $(notdir $?)
# environment
PROGRAMW6432 = C:\Program Files
# environment
PATHEXT = .COM;.EXE;.BAT;.CMD;.VBS;.VBE;.JS;.JSE;.WSF;.WSH;.MSC
# automatic
+F = $(notdir $+)
# environment
ORIGINAL_XDG_CURRENT_DESKTOP = undefined
# environment
USERDOMAIN = LAPTOP-G60G1IH4
# 'override' directive
GNUMAKEFLAGS := 
# environment
OS = Windows_NT
# makefile
.DEFAULT_GOAL := gene
# default
MAKE_VERSION := 4.3
# environment
PROGRAMFILES(X86) = C:\Program Files (x86)
# environment
USERDOMAIN_ROAMINGPROFILE = LAPTOP-G60G1IH4
# environment
NUMBER_OF_PROCESSORS = 8
# environment
PUBLIC = C:\Users\Public
# environment
APPDATA = C:\Users\GJD\AppData\Roaming
# environment
HOMEDRIVE = C:
# environment
PROCESSOR_ARCHITECTURE = x86
# environment
VSCODE_AMD_ENTRYPOINT = vs/workbench/api/node/extensionHostProcess
# environment
COMMONPROGRAMFILES(X86) = C:\Program Files (x86)\Common Files
# environment
ELECTRON_RUN_AS_NODE = 1
# environment
TEMP = C:\Users\GJD\AppData\Local\Temp
# environment
VSCODE_IPC_HOOK = \\.\pipe\4c63714d72b7b4b2170e3eaea9aa9db9-1.67.1-main-sock
# default
.RECIPEPREFIX := 
# automatic
<F = $(notdir $<)
# default
SUFFIXES := 
# environment
ALLUSERSPROFILE = C:\ProgramData
# environment
SESSIONNAME = Console
# default
.FEATURES := target-specific order-only second-expansion else-if shortest-stem undefine oneshell nocomment grouped-target extra-prereqs archives jobserver output-sync load
# environment
PROCESSOR_REVISION = 8e0c
# environment
CHOCOLATEYTOOLSLOCATION = C:\tools
# environment
PROCESSOR_IDENTIFIER = Intel64 Family 6 Model 142 Stepping 12, GenuineIntel
# variable set hash-table stats:
# Load=102/1024=10%, Rehash=0, Collisions=10/129=8%

# Pattern-specific Variable Values

# No pattern-specific variable values.

# Directories

# . (key d:/github/Intelligent-Algorithm, mtime 1652625857): 8 files, no impossibilities.

# 8 files, no i 
mpossibilities in 1 directories.

# Implicit Rules

# No implicit rules.

# Files

# Not a target:
genn.cpp:
#  Implicit rule search has not been done.
#  Modification time never checked.
#  File has not been updated.

# Not a target:
Makefile:
#  Implicit rule search has been done.
#  Last modified 2022-05-15 19:56:17
#  File has been updated.
#  Successfully updated.

gene: genn.cpp
#  Implicit rule search has not been done.
#  Modification time never checked.
#  File has not been updated.
#  recipe to execute (from 'Makefile', line 2):
	g++ genn.cpp -o gene -I../vcpkg-master/vcpkg-master/installed/x64-windows/include -L-I../vcpkg-master/vcpkg-master/installed/x64-windows/lib

# Not a target:
.DEFAULT:
#  Implicit rule search has not been done.
#  Modification time never checked.
#  File has not been updated.

# Not a target:
all:
#  Command line target.
#  Implicit rule search has been done.
#  File does not exist.
#  File has not been updated.

# files hash-table stats:
# Load=6/1024=1%, Rehash=0, Collisions=0/17=0%
# VPATH Search Paths

# No 'vpath' search paths.

# No general ('VPATH' variable) search path.

# strcache buffers: 1 (0) / strings = 12 / storage = 83 B / avg = 6 B
# current buf: size = 8174 B / used = 83 B / count = 12 / avg = 6 B

# strcache performance: lookups = 18 / hit rate = 33%
# hash-table stats:
# Load=12/8192=0%, Rehash=0, Collisions=0/18=0%
# Finished Make data base on Sun May 15 22:44:45 2022

 
